# JRE version: Java(TM) SE Runtime Environment (22.0.1+8) (build 22.0.1+8-16)
# Java VM: Java HotSpot(TM) 64-Bit Server VM (22.0.1+8-16, mixed mode, sharing, tiered, compressed oops, compressed class ptrs, parallel gc, windows-amd64)
GC Precious Log:
 CardTable entry size: 512
 CPUs: 8 total, 8 available
 Memory: 24359M
 Large Page Support: Disabled
 NUMA Support: Disabled
 Compressed Oops: Enabled (32-bit)
 Alignments: Space 512K, Generation 512K, Heap 2M
 Heap Min Capacity: 100M
 Heap Initial Capacity: 100M
 Heap Max Capacity: 1G
 Pre-touch: Disabled
 Parallel Workers: 8
Heap:
 PSYoungGen      total 12800K, used 10054K [0x00000000eab00000, 0x00000000ebb00000, 0x0000000100000000)
  eden space 12288K, 79% used [0x00000000eab00000,0x00000000eb491b68,0x00000000eb700000)
  from space 512K, 50% used [0x00000000eb700000,0x00000000eb740000,0x00000000eb780000)
  to   space 512K, 0% used [0x00000000eba80000,0x00000000eba80000,0x00000000ebb00000)
 ParOldGen       total 177664K, used 168143K [0x00000000c0000000, 0x00000000cad80000, 0x00000000eab00000)
  object space 177664K, 94% used [0x00000000c0000000,0x00000000ca433d00,0x00000000cad80000)
 Metaspace       used 93459K, committed 95168K, reserved 1179648K
  class space    used 9252K, committed 10112K, reserved 1048576K
GC Heap History (20 events):
Event: 150940.018 GC heap before
{Heap before GC invocations=7639 (full 147):
 PSYoungGen      total 15872K, used 12288K [0x00000000eab00000, 0x00000000ec000000, 0x0000000100000000)
  eden space 12288K, 100% used [0x00000000eab00000,0x00000000eb700000,0x00000000eb700000)
  from space 3584K, 0% used [0x00000000eb700000,0x00000000eb700000,0x00000000eba80000)
  to   space 3584K, 0% used [0x00000000ebc80000,0x00000000ebc80000,0x00000000ec000000)
 ParOldGen       total 177664K, used 145577K [0x00000000c0000000, 0x00000000cad80000, 0x00000000eab00000)
  object space 177664K, 81% used [0x00000000c0000000,0x00000000c8e2a5d0,0x00000000cad80000)
 Metaspace       used 92880K, committed 94656K, reserved 1179648K
  class space    used 9205K, committed 10112K, reserved 1048576K
}
Event: 150940.020 GC heap after
{Heap after GC invocations=7639 (full 147):
 PSYoungGen      total 16384K, used 3584K [0x00000000eab00000, 0x00000000ec380000, 0x0000000100000000)
  eden space 12800K, 0% used [0x00000000eab00000,0x00000000eab00000,0x00000000eb780000)
  from space 3584K, 100% used [0x00000000ebc80000,0x00000000ec000000,0x00000000ec000000)
  to   space 5120K, 0% used [0x00000000eb780000,0x00000000eb780000,0x00000000ebc80000)
 ParOldGen       total 177664K, used 146729K [0x00000000c0000000, 0x00000000cad80000, 0x00000000eab00000)
  object space 177664K, 82% used [0x00000000c0000000,0x00000000c8f4a5d0,0x00000000cad80000)
 Metaspace       used 92880K, committed 94656K, reserved 1179648K
  class space    used 9205K, committed 10112K, reserved 1048576K
}
Event: 150940.047 GC heap before
{Heap before GC invocations=7640 (full 147):
 PSYoungGen      total 16384K, used 16384K [0x00000000eab00000, 0x00000000ec380000, 0x0000000100000000)
  eden space 12800K, 100% used [0x00000000eab00000,0x00000000eb780000,0x00000000eb780000)
  from space 3584K, 100% used [0x00000000ebc80000,0x00000000ec000000,0x00000000ec000000)
  to   space 5120K, 0% used [0x00000000eb780000,0x00000000eb780000,0x00000000ebc80000)
 ParOldGen       total 177664K, used 146729K [0x00000000c0000000, 0x00000000cad80000, 0x00000000eab00000)
  object space 177664K, 82% used [0x00000000c0000000,0x00000000c8f4a5d0,0x00000000cad80000)
 Metaspace       used 92880K, committed 94656K, reserved 1179648K
  class space    used 9205K, committed 10112K, reserved 1048576K
}
Event: 150940.050 GC heap after
{Heap after GC invocations=7640 (full 147):
 PSYoungGen      total 17920K, used 1472K [0x00000000eab00000, 0x00000000ec000000, 0x0000000100000000)
  eden space 12800K, 0% used [0x00000000eab00000,0x00000000eab00000,0x00000000eb780000)
  from space 5120K, 28% used [0x00000000eb780000,0x00000000eb8f0000,0x00000000ebc80000)
  to   space 3072K, 0% used [0x00000000ebd00000,0x00000000ebd00000,0x00000000ec000000)
 ParOldGen       total 177664K, used 149065K [0x00000000c0000000, 0x00000000cad80000, 0x00000000eab00000)
  object space 177664K, 83% used [0x00000000c0000000,0x00000000c91925d0,0x00000000cad80000)
 Metaspace       used 92880K, committed 94656K, reserved 1179648K
  class space    used 9205K, committed 10112K, reserved 1048576K
}
Event: 150940.079 GC heap before
{Heap before GC invocations=7641 (full 147):
 PSYoungGen      total 17920K, used 14272K [0x00000000eab00000, 0x00000000ec000000, 0x0000000100000000)
  eden space 12800K, 100% used [0x00000000eab00000,0x00000000eb780000,0x00000000eb780000)
  from space 5120K, 28% used [0x00000000eb780000,0x00000000eb8f0000,0x00000000ebc80000)
  to   space 3072K, 0% used [0x00000000ebd00000,0x00000000ebd00000,0x00000000ec000000)
 ParOldGen       total 177664K, used 149065K [0x00000000c0000000, 0x00000000cad80000, 0x00000000eab00000)
  object space 177664K, 83% used [0x00000000c0000000,0x00000000c91925d0,0x00000000cad80000)
 Metaspace       used 92880K, committed 94656K, reserved 1179648K
  class space    used 9205K, committed 10112K, reserved 1048576K
}
Event: 150940.080 GC heap after
{Heap after GC invocations=7641 (full 147):
 PSYoungGen      total 14336K, used 1376K [0x00000000eab00000, 0x00000000ebe80000, 0x0000000100000000)
  eden space 12800K, 0% used [0x00000000eab00000,0x00000000eab00000,0x00000000eb780000)
  from space 1536K, 89% used [0x00000000ebd00000,0x00000000ebe58000,0x00000000ebe80000)
  to   space 2048K, 0% used [0x00000000eba80000,0x00000000eba80000,0x00000000ebc80000)
 ParOldGen       total 177664K, used 150336K [0x00000000c0000000, 0x00000000cad80000, 0x00000000eab00000)
  object space 177664K, 84% used [0x00000000c0000000,0x00000000c92d02d0,0x00000000cad80000)
 Metaspace       used 92880K, committed 94656K, reserved 1179648K
  class space    used 9205K, committed 10112K, reserved 1048576K
}
Event: 150940.087 GC heap before
{Heap before GC invocations=7642 (full 147):
 PSYoungGen      total 14336K, used 14176K [0x00000000eab00000, 0x00000000ebe80000, 0x0000000100000000)
  eden space 12800K, 100% used [0x00000000eab00000,0x00000000eb780000,0x00000000eb780000)
  from space 1536K, 89% used [0x00000000ebd00000,0x00000000ebe58000,0x00000000ebe80000)
  to   space 2048K, 0% used [0x00000000eba80000,0x00000000eba80000,0x00000000ebc80000)
 ParOldGen       total 177664K, used 150336K [0x00000000c0000000, 0x00000000cad80000, 0x00000000eab00000)
  object space 177664K, 84% used [0x00000000c0000000,0x00000000c92d02d0,0x00000000cad80000)
 Metaspace       used 92880K, committed 94656K, reserved 1179648K
  class space    used 9205K, committed 10112K, reserved 1048576K
}
Event: 150940.090 GC heap after
{Heap after GC invocations=7642 (full 147):
 PSYoungGen      total 14848K, used 2032K [0x00000000eab00000, 0x00000000ec180000, 0x0000000100000000)
  eden space 12800K, 0% used [0x00000000eab00000,0x00000000eab00000,0x00000000eb780000)
  from space 2048K, 99% used [0x00000000eba80000,0x00000000ebc7c2e0,0x00000000ebc80000)
  to   space 5120K, 0% used [0x00000000ebc80000,0x00000000ebc80000,0x00000000ec180000)
 ParOldGen       total 177664K, used 152616K [0x00000000c0000000, 0x00000000cad80000, 0x00000000eab00000)
  object space 177664K, 85% used [0x00000000c0000000,0x00000000c950a2e0,0x00000000cad80000)
 Metaspace       used 92880K, committed 94656K, reserved 1179648K
  class space    used 9205K, committed 10112K, reserved 1048576K
}
Event: 150940.101 GC heap before
{Heap before GC invocations=7643 (full 147):
 PSYoungGen      total 14848K, used 14832K [0x00000000eab00000, 0x00000000ec180000, 0x0000000100000000)
  eden space 12800K, 100% used [0x00000000eab00000,0x00000000eb780000,0x00000000eb780000)
  from space 2048K, 99% used [0x00000000eba80000,0x00000000ebc7c2e0,0x00000000ebc80000)
  to   space 5120K, 0% used [0x00000000ebc80000,0x00000000ebc80000,0x00000000ec180000)
 ParOldGen       total 177664K, used 152616K [0x00000000c0000000, 0x00000000cad80000, 0x00000000eab00000)
  object space 177664K, 85% used [0x00000000c0000000,0x00000000c950a2e0,0x00000000cad80000)
 Metaspace       used 92880K, committed 94656K, reserved 1179648K
  class space    used 9205K, committed 10112K, reserved 1048576K
}
Event: 150940.104 GC heap after
{Heap after GC invocations=7643 (full 147):
 PSYoungGen      total 17408K, used 5072K [0x00000000eab00000, 0x00000000ec280000, 0x0000000100000000)
  eden space 12288K, 0% used [0x00000000eab00000,0x00000000eab00000,0x00000000eb700000)
  from space 5120K, 99% used [0x00000000ebc80000,0x00000000ec1742e0,0x00000000ec180000)
  to   space 5632K, 0% used [0x00000000eb700000,0x00000000eb700000,0x00000000ebc80000)
 ParOldGen       total 177664K, used 153369K [0x00000000c0000000, 0x00000000cad80000, 0x00000000eab00000)
  object space 177664K, 86% used [0x00000000c0000000,0x00000000c95c65c0,0x00000000cad80000)
 Metaspace       used 92880K, committed 94656K, reserved 1179648K
  class space    used 9205K, committed 10112K, reserved 1048576K
}
Event: 150940.112 GC heap before
{Heap before GC invocations=7644 (full 147):
 PSYoungGen      total 17408K, used 17360K [0x00000000eab00000, 0x00000000ec280000, 0x0000000100000000)
  eden space 12288K, 100% used [0x00000000eab00000,0x00000000eb700000,0x00000000eb700000)
  from space 5120K, 99% used [0x00000000ebc80000,0x00000000ec1742e0,0x00000000ec180000)
  to   space 5632K, 0% used [0x00000000eb700000,0x00000000eb700000,0x00000000ebc80000)
 ParOldGen       total 177664K, used 153369K [0x00000000c0000000, 0x00000000cad80000, 0x00000000eab00000)
  object space 177664K, 86% used [0x00000000c0000000,0x00000000c95c65c0,0x00000000cad80000)
 Metaspace       used 92880K, committed 94656K, reserved 1179648K
  class space    used 9205K, committed 10112K, reserved 1048576K
}
Event: 150940.115 GC heap after
{Heap after GC invocations=7644 (full 147):
 PSYoungGen      total 12800K, used 384K [0x00000000eab00000, 0x00000000ebd00000, 0x0000000100000000)
  eden space 12288K, 0% used [0x00000000eab00000,0x00000000eab00000,0x00000000eb700000)
  from space 512K, 75% used [0x00000000eb700000,0x00000000eb760010,0x00000000eb780000)
  to   space 2560K, 0% used [0x00000000eba80000,0x00000000eba80000,0x00000000ebd00000)
 ParOldGen       total 177664K, used 155457K [0x00000000c0000000, 0x00000000cad80000, 0x00000000eab00000)
  object space 177664K, 87% used [0x00000000c0000000,0x00000000c97d05c0,0x00000000cad80000)
 Metaspace       used 92880K, committed 94656K, reserved 1179648K
  class space    used 9205K, committed 10112K, reserved 1048576K
}
Event: 150940.138 GC heap before
{Heap before GC invocations=7645 (full 147):
 PSYoungGen      total 12800K, used 9918K [0x00000000eab00000, 0x00000000ebd00000, 0x0000000100000000)
  eden space 12288K, 77% used [0x00000000eab00000,0x00000000eb44f810,0x00000000eb700000)
  from space 512K, 75% used [0x00000000eb700000,0x00000000eb760010,0x00000000eb780000)
  to   space 2560K, 0% used [0x00000000eba80000,0x00000000eba80000,0x00000000ebd00000)
 ParOldGen       total 177664K, used 155457K [0x00000000c0000000, 0x00000000cad80000, 0x00000000eab00000)
  object space 177664K, 87% used [0x00000000c0000000,0x00000000c97d05c0,0x00000000cad80000)
 Metaspace       used 92880K, committed 94656K, reserved 1179648K
  class space    used 9205K, committed 10112K, reserved 1048576K
}
Event: 150940.139 GC heap after
{Heap after GC invocations=7645 (full 147):
 PSYoungGen      total 12800K, used 32K [0x00000000eab00000, 0x00000000ebb00000, 0x0000000100000000)
  eden space 12288K, 0% used [0x00000000eab00000,0x00000000eab00000,0x00000000eb700000)
  from space 512K, 6% used [0x00000000eba80000,0x00000000eba88000,0x00000000ebb00000)
  to   space 512K, 0% used [0x00000000eb700000,0x00000000eb700000,0x00000000eb780000)
 ParOldGen       total 177664K, used 160108K [0x00000000c0000000, 0x00000000cad80000, 0x00000000eab00000)
  object space 177664K, 90% used [0x00000000c0000000,0x00000000c9c5b1b8,0x00000000cad80000)
 Metaspace       used 92880K, committed 94656K, reserved 1179648K
  class space    used 9205K, committed 10112K, reserved 1048576K
}
Event: 150940.210 GC heap before
{Heap before GC invocations=7646 (full 147):
 PSYoungGen      total 12800K, used 12320K [0x00000000eab00000, 0x00000000ebb00000, 0x0000000100000000)
  eden space 12288K, 100% used [0x00000000eab00000,0x00000000eb700000,0x00000000eb700000)
  from space 512K, 6% used [0x00000000eba80000,0x00000000eba88000,0x00000000ebb00000)
  to   space 512K, 0% used [0x00000000eb700000,0x00000000eb700000,0x00000000eb780000)
 ParOldGen       total 177664K, used 160108K [0x00000000c0000000, 0x00000000cad80000, 0x00000000eab00000)
  object space 177664K, 90% used [0x00000000c0000000,0x00000000c9c5b1b8,0x00000000cad80000)
 Metaspace       used 92880K, committed 94656K, reserved 1179648K
  class space    used 9205K, committed 10112K, reserved 1048576K
}
Event: 150940.212 GC heap after
{Heap after GC invocations=7646 (full 147):
 PSYoungGen      total 12800K, used 96K [0x00000000eab00000, 0x00000000ebb00000, 0x0000000100000000)
  eden space 12288K, 0% used [0x00000000eab00000,0x00000000eab00000,0x00000000eb700000)
  from space 512K, 18% used [0x00000000eb700000,0x00000000eb718000,0x00000000eb780000)
  to   space 512K, 0% used [0x00000000eba80000,0x00000000eba80000,0x00000000ebb00000)
 ParOldGen       total 177664K, used 168071K [0x00000000c0000000, 0x00000000cad80000, 0x00000000eab00000)
  object space 177664K, 94% used [0x00000000c0000000,0x00000000ca421d00,0x00000000cad80000)
 Metaspace       used 92880K, committed 94656K, reserved 1179648K
  class space    used 9205K, committed 10112K, reserved 1048576K
}
Event: 150964.949 GC heap before
{Heap before GC invocations=7647 (full 147):
 PSYoungGen      total 12800K, used 12383K [0x00000000eab00000, 0x00000000ebb00000, 0x0000000100000000)
  eden space 12288K, 99% used [0x00000000eab00000,0x00000000eb6ffff0,0x00000000eb700000)
  from space 512K, 18% used [0x00000000eb700000,0x00000000eb718000,0x00000000eb780000)
  to   space 512K, 0% used [0x00000000eba80000,0x00000000eba80000,0x00000000ebb00000)
 ParOldGen       total 177664K, used 168071K [0x00000000c0000000, 0x00000000cad80000, 0x00000000eab00000)
  object space 177664K, 94% used [0x00000000c0000000,0x00000000ca421d00,0x00000000cad80000)
 Metaspace       used 92880K, committed 94656K, reserved 1179648K
  class space    used 9205K, committed 10112K, reserved 1048576K
}
Event: 150964.949 GC heap after
{Heap after GC invocations=7647 (full 147):
 PSYoungGen      total 12800K, used 224K [0x00000000eab00000, 0x00000000ebb00000, 0x0000000100000000)
  eden space 12288K, 0% used [0x00000000eab00000,0x00000000eab00000,0x00000000eb700000)
  from space 512K, 43% used [0x00000000eba80000,0x00000000ebab8000,0x00000000ebb00000)
  to   space 512K, 0% used [0x00000000eb700000,0x00000000eb700000,0x00000000eb780000)
 ParOldGen       total 177664K, used 168071K [0x00000000c0000000, 0x00000000cad80000, 0x00000000eab00000)
  object space 177664K, 94% used [0x00000000c0000000,0x00000000ca421d00,0x00000000cad80000)
 Metaspace       used 92880K, committed 94656K, reserved 1179648K
  class space    used 9205K, committed 10112K, reserved 1048576K
}
Event: 150965.021 GC heap before
{Heap before GC invocations=7648 (full 147):
 PSYoungGen      total 12800K, used 12512K [0x00000000eab00000, 0x00000000ebb00000, 0x0000000100000000)
  eden space 12288K, 100% used [0x00000000eab00000,0x00000000eb700000,0x00000000eb700000)
  from space 512K, 43% used [0x00000000eba80000,0x00000000ebab8000,0x00000000ebb00000)
  to   space 512K, 0% used [0x00000000eb700000,0x00000000eb700000,0x00000000eb780000)
 ParOldGen       total 177664K, used 168071K [0x00000000c0000000, 0x00000000cad80000, 0x00000000eab00000)
  object space 177664K, 94% used [0x00000000c0000000,0x00000000ca421d00,0x00000000cad80000)
 Metaspace       used 92884K, committed 94656K, reserved 1179648K
  class space    used 9205K, committed 10112K, reserved 1048576K
}
Event: 150965.021 GC heap after
{Heap after GC invocations=7648 (full 147):
 PSYoungGen      total 12800K, used 256K [0x00000000eab00000, 0x00000000ebb00000, 0x0000000100000000)
  eden space 12288K, 0% used [0x00000000eab00000,0x00000000eab00000,0x00000000eb700000)
  from space 512K, 50% used [0x00000000eb700000,0x00000000eb740000,0x00000000eb780000)
  to   space 512K, 0% used [0x00000000eba80000,0x00000000eba80000,0x00000000ebb00000)
 ParOldGen       total 177664K, used 168143K [0x00000000c0000000, 0x00000000cad80000, 0x00000000eab00000)
  object space 177664K, 94% used [0x00000000c0000000,0x00000000ca433d00,0x00000000cad80000)
 Metaspace       used 92884K, committed 94656K, reserved 1179648K
  class space    used 9205K, committed 10112K, reserved 1048576K
}

